2022-01-24 16:16:50,528 [Worker-2: Loading available Gradle versions] INFO  o.e.b.c.i.u.g.PublishedGradleVersions - Gradle version information cache is up-to-date. Trying to read.
2022-01-25 14:55:31,969 [Worker-1: Loading available Gradle versions] INFO  o.e.b.c.i.u.g.PublishedGradleVersions - Gradle version information cache is up-to-date. Trying to read.
2022-02-02 17:12:48,492 [Worker-3: Loading available Gradle versions] INFO  o.e.b.c.i.u.g.PublishedGradleVersions - Gradle version information cache is out-of-date. Trying to update.
2022-02-02 17:14:25,288 [Worker-16: Importing Maven projects] INFO  o.e.m.c.i.l.LifecycleMappingFactory - Using org.eclipse.m2e.jdt.JarLifecycleMapping lifecycle mapping for MavenProject: projet.sopra:pjt_tournois_e_sport:1.0 @ C:\Users\theoc\Desktop\FORMATION JAVA\GIT-WORK\projet-tournois\pjt_tournois_e_sport\pom.xml.
2022-02-02 17:14:26,833 [Worker-16: Importing Maven projects] INFO  o.e.m.j.i.AbstractJavaProjectConfigurator - Adding source folder /pjt_tournois_e_sport/src/main/java
2022-02-02 17:14:26,835 [Worker-16: Importing Maven projects] INFO  o.e.m.j.i.AbstractJavaProjectConfigurator - Adding source folder /pjt_tournois_e_sport/src/test/java
2022-02-02 17:14:27,549 [Worker-16: Importing Maven projects] INFO  o.e.m.c.i.p.ProjectConfigurationManager - Imported and configured 1 project(s) in 3 sec
2022-02-02 17:14:30,386 [Worker-9: Building] WARN  o.e.m.c.i.embedder.EclipseLogger - Using platform encoding (Cp1252 actually) to copy filtered resources, i.e. build is platform dependent!
2022-02-02 17:14:30,389 [Worker-9: Building] INFO  o.e.m.c.i.embedder.EclipseLogger - skip non existing resourceDirectory C:\Users\theoc\Desktop\FORMATION JAVA\GIT-WORK\projet-tournois\pjt_tournois_e_sport\src\main\resources
2022-02-02 17:14:30,393 [Worker-9: Building] WARN  o.e.m.c.i.embedder.EclipseLogger - Using platform encoding (Cp1252 actually) to copy filtered resources, i.e. build is platform dependent!
2022-02-02 17:14:30,395 [Worker-9: Building] INFO  o.e.m.c.i.embedder.EclipseLogger - skip non existing resourceDirectory C:\Users\theoc\Desktop\FORMATION JAVA\GIT-WORK\projet-tournois\pjt_tournois_e_sport\src\test\resources
2022-02-02 17:15:26,822 [Worker-13: Building] WARN  o.e.m.c.i.embedder.EclipseLogger - Using platform encoding (Cp1252 actually) to copy filtered resources, i.e. build is platform dependent!
2022-02-02 17:15:26,830 [Worker-13: Building] INFO  o.e.m.c.i.embedder.EclipseLogger - skip non existing resourceDirectory C:\Users\theoc\Desktop\FORMATION JAVA\GIT-WORK\projet-tournois\pjt_tournois_e_sport\src\main\resources
2022-02-02 17:15:26,832 [Worker-13: Building] WARN  o.e.m.c.i.embedder.EclipseLogger - Using platform encoding (Cp1252 actually) to copy filtered resources, i.e. build is platform dependent!
2022-02-02 17:15:26,834 [Worker-13: Building] INFO  o.e.m.c.i.embedder.EclipseLogger - skip non existing resourceDirectory C:\Users\theoc\Desktop\FORMATION JAVA\GIT-WORK\projet-tournois\pjt_tournois_e_sport\src\test\resources
2022-02-02 17:17:15,854 [Worker-10: Building] WARN  o.e.m.c.i.embedder.EclipseLogger - Using platform encoding (Cp1252 actually) to copy filtered resources, i.e. build is platform dependent!
2022-02-02 17:17:15,856 [Worker-10: Building] INFO  o.e.m.c.i.embedder.EclipseLogger - skip non existing resourceDirectory C:\Users\theoc\Desktop\FORMATION JAVA\GIT-WORK\projet-tournois\pjt_tournois_e_sport\src\main\resources
2022-02-02 17:17:15,859 [Worker-10: Building] WARN  o.e.m.c.i.embedder.EclipseLogger - Using platform encoding (Cp1252 actually) to copy filtered resources, i.e. build is platform dependent!
2022-02-02 17:17:15,863 [Worker-10: Building] INFO  o.e.m.c.i.embedder.EclipseLogger - skip non existing resourceDirectory C:\Users\theoc\Desktop\FORMATION JAVA\GIT-WORK\projet-tournois\pjt_tournois_e_sport\src\test\resources
2022-02-02 17:19:10,905 [Worker-7: Building] WARN  o.e.m.c.i.embedder.EclipseLogger - Using platform encoding (Cp1252 actually) to copy filtered resources, i.e. build is platform dependent!
2022-02-02 17:19:10,907 [Worker-7: Building] INFO  o.e.m.c.i.embedder.EclipseLogger - skip non existing resourceDirectory C:\Users\theoc\Desktop\FORMATION JAVA\GIT-WORK\projet-tournois\pjt_tournois_e_sport\src\main\resources
2022-02-02 17:19:10,908 [Worker-7: Building] WARN  o.e.m.c.i.embedder.EclipseLogger - Using platform encoding (Cp1252 actually) to copy filtered resources, i.e. build is platform dependent!
2022-02-02 17:19:10,909 [Worker-7: Building] INFO  o.e.m.c.i.embedder.EclipseLogger - skip non existing resourceDirectory C:\Users\theoc\Desktop\FORMATION JAVA\GIT-WORK\projet-tournois\pjt_tournois_e_sport\src\test\resources
2022-02-02 17:22:20,081 [Worker-17: Building] WARN  o.e.m.c.i.embedder.EclipseLogger - Using platform encoding (Cp1252 actually) to copy filtered resources, i.e. build is platform dependent!
2022-02-02 17:22:20,082 [Worker-17: Building] INFO  o.e.m.c.i.embedder.EclipseLogger - skip non existing resourceDirectory C:\Users\theoc\Desktop\FORMATION JAVA\GIT-WORK\projet-tournois\pjt_tournois_e_sport\src\main\resources
2022-02-02 17:22:20,083 [Worker-17: Building] WARN  o.e.m.c.i.embedder.EclipseLogger - Using platform encoding (Cp1252 actually) to copy filtered resources, i.e. build is platform dependent!
2022-02-02 17:22:20,084 [Worker-17: Building] INFO  o.e.m.c.i.embedder.EclipseLogger - skip non existing resourceDirectory C:\Users\theoc\Desktop\FORMATION JAVA\GIT-WORK\projet-tournois\pjt_tournois_e_sport\src\test\resources
2022-02-02 17:22:24,824 [Worker-15: Building] WARN  o.e.m.c.i.embedder.EclipseLogger - Using platform encoding (Cp1252 actually) to copy filtered resources, i.e. build is platform dependent!
2022-02-02 17:22:24,826 [Worker-15: Building] INFO  o.e.m.c.i.embedder.EclipseLogger - skip non existing resourceDirectory C:\Users\theoc\Desktop\FORMATION JAVA\GIT-WORK\projet-tournois\pjt_tournois_e_sport\src\main\resources
2022-02-02 17:22:24,827 [Worker-15: Building] WARN  o.e.m.c.i.embedder.EclipseLogger - Using platform encoding (Cp1252 actually) to copy filtered resources, i.e. build is platform dependent!
2022-02-02 17:22:24,829 [Worker-15: Building] INFO  o.e.m.c.i.embedder.EclipseLogger - skip non existing resourceDirectory C:\Users\theoc\Desktop\FORMATION JAVA\GIT-WORK\projet-tournois\pjt_tournois_e_sport\src\test\resources
2022-02-02 17:24:34,736 [Worker-0: Building] WARN  o.e.m.c.i.embedder.EclipseLogger - Using platform encoding (Cp1252 actually) to copy filtered resources, i.e. build is platform dependent!
2022-02-02 17:24:34,738 [Worker-0: Building] INFO  o.e.m.c.i.embedder.EclipseLogger - skip non existing resourceDirectory C:\Users\theoc\Desktop\FORMATION JAVA\GIT-WORK\projet-tournois\pjt_tournois_e_sport\src\main\resources
2022-02-02 17:24:34,739 [Worker-0: Building] WARN  o.e.m.c.i.embedder.EclipseLogger - Using platform encoding (Cp1252 actually) to copy filtered resources, i.e. build is platform dependent!
2022-02-02 17:24:34,740 [Worker-0: Building] INFO  o.e.m.c.i.embedder.EclipseLogger - skip non existing resourceDirectory C:\Users\theoc\Desktop\FORMATION JAVA\GIT-WORK\projet-tournois\pjt_tournois_e_sport\src\test\resources
2022-02-02 17:26:23,875 [Worker-14: Building] WARN  o.e.m.c.i.embedder.EclipseLogger - Using platform encoding (Cp1252 actually) to copy filtered resources, i.e. build is platform dependent!
2022-02-02 17:26:23,876 [Worker-14: Building] INFO  o.e.m.c.i.embedder.EclipseLogger - skip non existing resourceDirectory C:\Users\theoc\Desktop\FORMATION JAVA\GIT-WORK\projet-tournois\pjt_tournois_e_sport\src\main\resources
2022-02-02 17:26:23,879 [Worker-14: Building] WARN  o.e.m.c.i.embedder.EclipseLogger - Using platform encoding (Cp1252 actually) to copy filtered resources, i.e. build is platform dependent!
2022-02-02 17:26:23,881 [Worker-14: Building] INFO  o.e.m.c.i.embedder.EclipseLogger - skip non existing resourceDirectory C:\Users\theoc\Desktop\FORMATION JAVA\GIT-WORK\projet-tournois\pjt_tournois_e_sport\src\test\resources
2022-02-02 17:28:57,487 [Worker-3: Building] WARN  o.e.m.c.i.embedder.EclipseLogger - Using platform encoding (Cp1252 actually) to copy filtered resources, i.e. build is platform dependent!
2022-02-02 17:28:57,488 [Worker-3: Building] INFO  o.e.m.c.i.embedder.EclipseLogger - skip non existing resourceDirectory C:\Users\theoc\Desktop\FORMATION JAVA\GIT-WORK\projet-tournois\pjt_tournois_e_sport\src\main\resources
2022-02-02 17:28:57,489 [Worker-3: Building] WARN  o.e.m.c.i.embedder.EclipseLogger - Using platform encoding (Cp1252 actually) to copy filtered resources, i.e. build is platform dependent!
2022-02-02 17:28:57,490 [Worker-3: Building] INFO  o.e.m.c.i.embedder.EclipseLogger - skip non existing resourceDirectory C:\Users\theoc\Desktop\FORMATION JAVA\GIT-WORK\projet-tournois\pjt_tournois_e_sport\src\test\resources
2022-02-02 17:33:44,147 [Worker-17: Building] WARN  o.e.m.c.i.embedder.EclipseLogger - Using platform encoding (Cp1252 actually) to copy filtered resources, i.e. build is platform dependent!
2022-02-02 17:33:44,149 [Worker-17: Building] INFO  o.e.m.c.i.embedder.EclipseLogger - skip non existing resourceDirectory C:\Users\theoc\Desktop\FORMATION JAVA\GIT-WORK\projet-tournois\pjt_tournois_e_sport\src\main\resources
2022-02-02 17:33:44,150 [Worker-17: Building] WARN  o.e.m.c.i.embedder.EclipseLogger - Using platform encoding (Cp1252 actually) to copy filtered resources, i.e. build is platform dependent!
2022-02-02 17:33:44,151 [Worker-17: Building] INFO  o.e.m.c.i.embedder.EclipseLogger - skip non existing resourceDirectory C:\Users\theoc\Desktop\FORMATION JAVA\GIT-WORK\projet-tournois\pjt_tournois_e_sport\src\test\resources
2022-02-02 17:37:20,152 [Worker-14: Building] WARN  o.e.m.c.i.embedder.EclipseLogger - Using platform encoding (Cp1252 actually) to copy filtered resources, i.e. build is platform dependent!
2022-02-02 17:37:20,153 [Worker-14: Building] INFO  o.e.m.c.i.embedder.EclipseLogger - skip non existing resourceDirectory C:\Users\theoc\Desktop\FORMATION JAVA\GIT-WORK\projet-tournois\pjt_tournois_e_sport\src\main\resources
2022-02-02 17:37:20,154 [Worker-14: Building] WARN  o.e.m.c.i.embedder.EclipseLogger - Using platform encoding (Cp1252 actually) to copy filtered resources, i.e. build is platform dependent!
2022-02-02 17:37:20,155 [Worker-14: Building] INFO  o.e.m.c.i.embedder.EclipseLogger - skip non existing resourceDirectory C:\Users\theoc\Desktop\FORMATION JAVA\GIT-WORK\projet-tournois\pjt_tournois_e_sport\src\test\resources
2022-02-02 17:40:07,526 [Worker-0: Building] WARN  o.e.m.c.i.embedder.EclipseLogger - Using platform encoding (Cp1252 actually) to copy filtered resources, i.e. build is platform dependent!
2022-02-02 17:40:07,527 [Worker-0: Building] INFO  o.e.m.c.i.embedder.EclipseLogger - skip non existing resourceDirectory C:\Users\theoc\Desktop\FORMATION JAVA\GIT-WORK\projet-tournois\pjt_tournois_e_sport\src\main\resources
2022-02-02 17:40:07,528 [Worker-0: Building] WARN  o.e.m.c.i.embedder.EclipseLogger - Using platform encoding (Cp1252 actually) to copy filtered resources, i.e. build is platform dependent!
2022-02-02 17:40:07,529 [Worker-0: Building] INFO  o.e.m.c.i.embedder.EclipseLogger - skip non existing resourceDirectory C:\Users\theoc\Desktop\FORMATION JAVA\GIT-WORK\projet-tournois\pjt_tournois_e_sport\src\test\resources
2022-02-02 17:41:33,552 [Worker-2: Building] WARN  o.e.m.c.i.embedder.EclipseLogger - Using platform encoding (Cp1252 actually) to copy filtered resources, i.e. build is platform dependent!
2022-02-02 17:41:33,553 [Worker-2: Building] INFO  o.e.m.c.i.embedder.EclipseLogger - skip non existing resourceDirectory C:\Users\theoc\Desktop\FORMATION JAVA\GIT-WORK\projet-tournois\pjt_tournois_e_sport\src\main\resources
2022-02-02 17:41:33,554 [Worker-2: Building] WARN  o.e.m.c.i.embedder.EclipseLogger - Using platform encoding (Cp1252 actually) to copy filtered resources, i.e. build is platform dependent!
2022-02-02 17:41:33,554 [Worker-2: Building] INFO  o.e.m.c.i.embedder.EclipseLogger - skip non existing resourceDirectory C:\Users\theoc\Desktop\FORMATION JAVA\GIT-WORK\projet-tournois\pjt_tournois_e_sport\src\test\resources
2022-02-02 17:45:00,317 [Worker-7: Building] WARN  o.e.m.c.i.embedder.EclipseLogger - Using platform encoding (Cp1252 actually) to copy filtered resources, i.e. build is platform dependent!
2022-02-02 17:45:00,318 [Worker-7: Building] INFO  o.e.m.c.i.embedder.EclipseLogger - skip non existing resourceDirectory C:\Users\theoc\Desktop\FORMATION JAVA\GIT-WORK\projet-tournois\pjt_tournois_e_sport\src\main\resources
2022-02-02 17:45:00,319 [Worker-7: Building] WARN  o.e.m.c.i.embedder.EclipseLogger - Using platform encoding (Cp1252 actually) to copy filtered resources, i.e. build is platform dependent!
2022-02-02 17:45:00,321 [Worker-7: Building] INFO  o.e.m.c.i.embedder.EclipseLogger - skip non existing resourceDirectory C:\Users\theoc\Desktop\FORMATION JAVA\GIT-WORK\projet-tournois\pjt_tournois_e_sport\src\test\resources
2022-02-02 17:45:46,304 [Worker-15: Building] WARN  o.e.m.c.i.embedder.EclipseLogger - Using platform encoding (Cp1252 actually) to copy filtered resources, i.e. build is platform dependent!
2022-02-02 17:45:46,304 [Worker-15: Building] INFO  o.e.m.c.i.embedder.EclipseLogger - skip non existing resourceDirectory C:\Users\theoc\Desktop\FORMATION JAVA\GIT-WORK\projet-tournois\pjt_tournois_e_sport\src\main\resources
2022-02-02 17:45:46,307 [Worker-15: Building] WARN  o.e.m.c.i.embedder.EclipseLogger - Using platform encoding (Cp1252 actually) to copy filtered resources, i.e. build is platform dependent!
2022-02-02 17:45:46,308 [Worker-15: Building] INFO  o.e.m.c.i.embedder.EclipseLogger - skip non existing resourceDirectory C:\Users\theoc\Desktop\FORMATION JAVA\GIT-WORK\projet-tournois\pjt_tournois_e_sport\src\test\resources
2022-02-02 17:47:11,248 [Worker-15: Building] WARN  o.e.m.c.i.embedder.EclipseLogger - Using platform encoding (Cp1252 actually) to copy filtered resources, i.e. build is platform dependent!
2022-02-02 17:47:11,249 [Worker-15: Building] INFO  o.e.m.c.i.embedder.EclipseLogger - skip non existing resourceDirectory C:\Users\theoc\Desktop\FORMATION JAVA\GIT-WORK\projet-tournois\pjt_tournois_e_sport\src\main\resources
2022-02-02 17:47:11,251 [Worker-15: Building] WARN  o.e.m.c.i.embedder.EclipseLogger - Using platform encoding (Cp1252 actually) to copy filtered resources, i.e. build is platform dependent!
2022-02-02 17:47:11,252 [Worker-15: Building] INFO  o.e.m.c.i.embedder.EclipseLogger - skip non existing resourceDirectory C:\Users\theoc\Desktop\FORMATION JAVA\GIT-WORK\projet-tournois\pjt_tournois_e_sport\src\test\resources
2022-02-02 17:58:04,890 [Worker-15: Building] WARN  o.e.m.c.i.embedder.EclipseLogger - Using platform encoding (Cp1252 actually) to copy filtered resources, i.e. build is platform dependent!
2022-02-02 17:58:04,892 [Worker-15: Building] INFO  o.e.m.c.i.embedder.EclipseLogger - skip non existing resourceDirectory C:\Users\theoc\Desktop\FORMATION JAVA\GIT-WORK\projet-tournois\pjt_tournois_e_sport\src\main\resources
2022-02-02 17:58:04,892 [Worker-15: Building] WARN  o.e.m.c.i.embedder.EclipseLogger - Using platform encoding (Cp1252 actually) to copy filtered resources, i.e. build is platform dependent!
2022-02-02 17:58:04,892 [Worker-15: Building] INFO  o.e.m.c.i.embedder.EclipseLogger - skip non existing resourceDirectory C:\Users\theoc\Desktop\FORMATION JAVA\GIT-WORK\projet-tournois\pjt_tournois_e_sport\src\test\resources
